<?xml version="1.0" encoding="UTF-8"?>
<testng-results skipped="0" failed="0" total="1" passed="1">
  <reporter-output>
  </reporter-output>
  <suite name="WebAutoTest" duration-ms="21077" started-at="2017-08-03T04:23:37Z" finished-at="2017-08-03T04:23:58Z">
    <groups>
    </groups>
    <test name="Default test" duration-ms="21077" started-at="2017-08-03T04:23:37Z" finished-at="2017-08-03T04:23:58Z">
      <class name="com.xmd.testcase.login.LoginPage_001_LoginSuccess_Test">
        <test-method status="PASS" signature="startTest(org.testng.ITestContext)[pri:0, instance:com.xmd.testcase.login.LoginPage_001_LoginSuccess_Test@19eba2f6]" name="startTest" is-config="true" duration-ms="5354" started-at="2017-08-03T12:23:37Z" finished-at="2017-08-03T12:23:43Z">
          <params>
            <param index="0">
              <value>
                <![CDATA[org.testng.TestRunner@37b55ca1]]>
              </value>
            </param>
          </params>
          <reporter-output>
          </reporter-output>
        </test-method> <!-- startTest -->
        <test-method status="PASS" signature="loginSuccessTest(org.testng.ITestContext, java.util.Map)[pri:0, instance:com.xmd.testcase.login.LoginPage_001_LoginSuccess_Test@19eba2f6]" name="loginSuccessTest" duration-ms="13794" started-at="2017-08-03T12:23:43Z" data-provider="data" finished-at="2017-08-03T12:23:57Z">
          <params>
            <param index="0">
              <value>
                <![CDATA[org.testng.TestRunner@37b55ca1]]>
              </value>
            </param>
            <param index="1">
              <value>
                <![CDATA[{=, CLUB_NAME=wz²âÊÔ»áËù, LOGIN_PASSWORD=123456, LOGIN_NAME=wzq, No=1}]]>
              </value>
            </param>
          </params>
          <reporter-output>
          </reporter-output>
        </test-method> <!-- loginSuccessTest -->
        <test-method status="PASS" signature="endTest()[pri:0, instance:com.xmd.testcase.login.LoginPage_001_LoginSuccess_Test@19eba2f6]" name="endTest" is-config="true" duration-ms="1738" started-at="2017-08-03T12:23:57Z" finished-at="2017-08-03T12:23:58Z">
          <reporter-output>
          </reporter-output>
        </test-method> <!-- endTest -->
      </class> <!-- com.xmd.testcase.login.LoginPage_001_LoginSuccess_Test -->
    </test> <!-- Default test -->
  </suite> <!-- WebAutoTest -->
</testng-results>
