<?xml version="1.0" encoding="UTF-8"?>
<testng-results skipped="1" failed="0" total="1" passed="0">
  <reporter-output>
  </reporter-output>
  <suite name="Default suite" duration-ms="174" started-at="2017-08-02T07:13:49Z" finished-at="2017-08-02T07:13:49Z">
    <groups>
    </groups>
    <test name="Default test" duration-ms="174" started-at="2017-08-02T07:13:49Z" finished-at="2017-08-02T07:13:49Z">
      <class name="com.xmd.testcase.login.LoginPage_001_LoginSuccess_Test">
        <test-method status="FAIL" signature="startTest(org.testng.ITestContext)[pri:0, instance:com.xmd.testcase.login.LoginPage_001_LoginSuccess_Test@3b463340]" name="startTest" is-config="true" duration-ms="0" started-at="2017-08-02T15:13:49Z" finished-at="2017-08-02T15:13:49Z">
          <params>
            <param index="0">
              <value>
                <![CDATA[org.testng.TestRunner@3c941140]]>
              </value>
            </param>
          </params>
          <exception class="junit.framework.AssertionFailedError">
            <message>
              <![CDATA[浏览器不能正常工作，请检查是不是被手动关闭或者其他原因]]>
            </message>
            <full-stacktrace>
              <![CDATA[junit.framework.AssertionFailedError: 浏览器不能正常工作，请检查是不是被手动关闭或者其他原因
	at junit.framework.Assert.fail(Assert.java:47)
	at com.xmd.base.BasePrepare.startTest(BasePrepare.java:35)
	at sun.reflect.NativeMethodAccessorImpl.invoke0(Native Method)
	at sun.reflect.NativeMethodAccessorImpl.invoke(NativeMethodAccessorImpl.java:57)
	at sun.reflect.DelegatingMethodAccessorImpl.invoke(DelegatingMethodAccessorImpl.java:43)
	at java.lang.reflect.Method.invoke(Method.java:606)
	at org.testng.internal.MethodInvocationHelper.invokeMethod(MethodInvocationHelper.java:84)
	at org.testng.internal.Invoker.invokeConfigurationMethod(Invoker.java:564)
	at org.testng.internal.Invoker.invokeConfigurations(Invoker.java:213)
	at org.testng.internal.Invoker.invokeConfigurations(Invoker.java:138)
	at org.testng.internal.TestMethodWorker.invokeBeforeClassMethods(TestMethodWorker.java:175)
	at org.testng.internal.TestMethodWorker.run(TestMethodWorker.java:107)
	at org.testng.TestRunner.privateRun(TestRunner.java:767)
	at org.testng.TestRunner.run(TestRunner.java:617)
	at org.testng.SuiteRunner.runTest(SuiteRunner.java:348)
	at org.testng.SuiteRunner.runSequentially(SuiteRunner.java:343)
	at org.testng.SuiteRunner.privateRun(SuiteRunner.java:305)
	at org.testng.SuiteRunner.run(SuiteRunner.java:254)
	at org.testng.SuiteRunnerWorker.runSuite(SuiteRunnerWorker.java:52)
	at org.testng.SuiteRunnerWorker.run(SuiteRunnerWorker.java:86)
	at org.testng.TestNG.runSuitesSequentially(TestNG.java:1224)
	at org.testng.TestNG.runSuitesLocally(TestNG.java:1149)
	at org.testng.TestNG.run(TestNG.java:1057)
	at org.testng.remote.AbstractRemoteTestNG.run(AbstractRemoteTestNG.java:132)
	at org.testng.remote.RemoteTestNG.initAndRun(RemoteTestNG.java:230)
	at org.testng.remote.RemoteTestNG.main(RemoteTestNG.java:76)
]]>
            </full-stacktrace>
          </exception> <!-- junit.framework.AssertionFailedError -->
          <reporter-output>
          </reporter-output>
        </test-method> <!-- startTest -->
        <test-method status="SKIP" signature="loginSuccessTest(org.testng.ITestContext, java.util.Map)[pri:0, instance:com.xmd.testcase.login.LoginPage_001_LoginSuccess_Test@3b463340]" name="loginSuccessTest" duration-ms="3" started-at="2017-08-02T15:13:49Z" data-provider="data" finished-at="2017-08-02T15:13:49Z">
          <params>
            <param index="0">
              <value>
                <![CDATA[org.testng.TestRunner@3c941140]]>
              </value>
            </param>
            <param index="1">
              <value>
                <![CDATA[{=, CLUB_NAME=wz测试会所, LOGIN_PASSWORD=123456, LOGIN_NAME=wzq, No=1}]]>
              </value>
            </param>
          </params>
          <reporter-output>
          </reporter-output>
        </test-method> <!-- loginSuccessTest -->
        <test-method status="SKIP" signature="endTest()[pri:0, instance:com.xmd.testcase.login.LoginPage_001_LoginSuccess_Test@3b463340]" name="endTest" is-config="true" duration-ms="0" started-at="2017-08-02T15:13:49Z" finished-at="2017-08-02T15:13:49Z">
          <reporter-output>
          </reporter-output>
        </test-method> <!-- endTest -->
      </class> <!-- com.xmd.testcase.login.LoginPage_001_LoginSuccess_Test -->
    </test> <!-- Default test -->
  </suite> <!-- Default suite -->
</testng-results>
